<?xml version="1.0" encoding="UTF-8"?>
<Site BuildName="Win32-mingw32-make"
	BuildStamp="20250331-0544-Experimental"
	Name="NDEMC083X34"
	Generator="ctest-3.21.21080301-MSVC_2"
	CompilerName="C:/msys64/ucrt64/bin/g++.exe"
	CompilerVersion=""
	OSName="Windows"
	Hostname="DESKTOP-OG6F1KT"
	OSRelease=" Personal"
	OSVersion=" (Build 19045)"
	OSPlatform="AMD64"
	Is64Bits="1"
	VendorString="GenuineIntel"
	VendorID="Intel Corporation"
	FamilyID="6"
	ModelID="10"
	ProcessorCacheSize="-1"
	NumberOfLogicalCPU="8"
	NumberOfPhysicalCPU="4"
	TotalVirtualMemory="17268"
	TotalPhysicalMemory="16244"
	LogicalProcessorsPerPhysical="2"
	ProcessorClockFrequency="2294"
	>
	<Testing>
		<StartDateTime>Mar 31 11:15 Mitteleurop[NON-UTF-8-BYTE-0xE4]ische Sommerzeit</StartDateTime>
		<StartTestTime>1743412542</StartTestTime>
		<TestList/>
		<EndDateTime>Mar 31 11:15 Mitteleurop[NON-UTF-8-BYTE-0xE4]ische Sommerzeit</EndDateTime>
		<EndTestTime>1743412542</EndTestTime>
		<ElapsedMinutes>0</ElapsedMinutes>
	</Testing>
</Site>
